This is e-upTeX, Version 3.14159265-p3.7.1-u1.22-161114-2.6 (utf8.uptex) (TeX Live 2017) (preloaded format=uplatex 2017.9.15)  28 SEP 2019 13:36
entering extended mode
 restricted \write18 enabled.
 file:line:error style messages enabled.
 %&-line parsing enabled.
**paper.tex
(./paper.tex
pLaTeX2e <2017/07/29u01>+1 (based on LaTeX2e <2017-04-15>)
Babel <3.12> and hyphenation patterns for 84 language(s) loaded.
(./ieicej-rev.cls

LaTeX Warning: You have requested document class `ieicej-rev',
               but the document class provides `ieicej'.

Document Class: ieicej 2015/11/14 v3.0 for Transactions of IEICE
\@JQ=\dimen118
\@Q=\dimen119
\@EM=\dimen120
\c@@paper=\count82
LaTeX Font Info:    Font shape `JT2/mc/m/n' will be
(Font)              scaled to size 8.65997pt on input line 468.
LaTeX Font Info:    Font shape `JT2/gt/m/n' will be
(Font)              scaled to size 7.40295pt on input line 768.
\@authorlist=\toks15
\@authorcnt=\count83
\@alcnt=\count84
\p@alcnt=\count85
\@totalnumber=\count86
\authornamesep=\dimen121
\tn@dn=\count87
\@spcnt=\count88
\alignorder=\count89
\totalnumberm@ne=\count90
\@authorcntp@ne=\count91
\chk@alcnt=\count92
\chk@p@alcnt=\count93
\eabstractbox=\box42
\ekeywordbox=\box43
\Pauthorsep=\dimen122
\jabstractbox=\box44
\jkeywordbox=\box45
\c@section=\count94
\c@subsection=\count95
\c@subsubsection=\count96
\c@paragraph=\count97
\c@subparagraph=\count98
\@hlskip=\skip41
\verbatimleftmargin=\dimen123
\verbatimbaselineskip=\dimen124
\c@figure=\count99
\c@table=\count100
\abovecaptionskip=\skip42
\belowcaptionskip=\skip43
\@tempboxb=\box46
\capwidth=\dimen125
\ecapwidth=\dimen126
\symmincho=\mathgroup4
LaTeX Font Info:    Overwriting symbol font `mincho' in version `bold'
(Font)                  JY2/mc/m/n --> JY2/gt/m/n on input line 2931.
\bibindent=\dimen127
\c@profile=\count101
\mathindent=\dimen128
\@minsofar=\count102
\@min=\count103
\@cite@temp=\count104
) (/usr/local/texlive/2017/texmf-dist/tex/latex/graphics/graphicx.sty
Package: graphicx 2017/06/01 v1.1a Enhanced LaTeX Graphics (DPC,SPQR)
 (/usr/local/texlive/2017/texmf-dist/tex/latex/graphics/keyval.sty
Package: keyval 2014/10/28 v1.15 key=value parser (DPC)
\KV@toks@=\toks16
) (/usr/local/texlive/2017/texmf-dist/tex/latex/graphics/graphics.sty
Package: graphics 2017/06/25 v1.2c Standard LaTeX Graphics (DPC,SPQR)
 (/usr/local/texlive/2017/texmf-dist/tex/latex/graphics/trig.sty
Package: trig 2016/01/03 v1.10 sin cos tan (DPC)
) (/usr/local/texlive/2017/texmf-dist/tex/latex/graphics-cfg/graphics.cfg
File: graphics.cfg 2016/06/04 v1.11 sample graphics configuration
)
Package graphics Info: Driver file: dvipdfmx.def on input line 99.
 (/usr/local/texlive/2017/texmf-dist/tex/latex/graphics-def/dvipdfmx.def
File: dvipdfmx.def 2017/06/24 v5.0g Graphics/color driver for dvipdfmx
))
\Gin@req@height=\dimen129
\Gin@req@width=\dimen130
) (/usr/local/texlive/2017/texmf-dist/tex/latex/xcolor/xcolor.sty
Package: xcolor 2016/05/11 v2.12 LaTeX color extensions (UK)
 (/usr/local/texlive/2017/texmf-dist/tex/latex/graphics-cfg/color.cfg
File: color.cfg 2016/01/02 v1.6 sample color configuration
)
Package xcolor Info: Driver file: dvipdfmx.def on input line 225.
Package xcolor Info: Model `cmy' substituted by `cmy0' on input line 1348.
Package xcolor Info: Model `RGB' extended on input line 1364.
Package xcolor Info: Model `HTML' substituted by `rgb' on input line 1366.
Package xcolor Info: Model `Hsb' substituted by `hsb' on input line 1367.
Package xcolor Info: Model `tHsb' substituted by `hsb' on input line 1368.
Package xcolor Info: Model `HSB' substituted by `hsb' on input line 1369.
Package xcolor Info: Model `Gray' substituted by `gray' on input line 1370.
Package xcolor Info: Model `wave' substituted by `hsb' on input line 1371.
) (/usr/local/texlive/2017/texmf-dist/tex/latex/base/fontenc.sty
Package: fontenc 2017/04/05 v2.0i Standard LaTeX package
 (/usr/local/texlive/2017/texmf-dist/tex/latex/base/t1enc.def
File: t1enc.def 2017/04/05 v2.0i Standard LaTeX file
LaTeX Font Info:    Redeclaring font encoding T1 on input line 48.
)) (/usr/local/texlive/2017/texmf-dist/tex/latex/lm/lmodern.sty
Package: lmodern 2009/10/30 v1.6 Latin Modern Fonts
LaTeX Font Info:    Overwriting symbol font `operators' in version `normal'
(Font)                  OT1/cmr/m/n --> OT1/lmr/m/n on input line 22.
LaTeX Font Info:    Overwriting symbol font `letters' in version `normal'
(Font)                  OML/cmm/m/it --> OML/lmm/m/it on input line 23.
LaTeX Font Info:    Overwriting symbol font `symbols' in version `normal'
(Font)                  OMS/cmsy/m/n --> OMS/lmsy/m/n on input line 24.
LaTeX Font Info:    Overwriting symbol font `largesymbols' in version `normal'
(Font)                  OMX/cmex/m/n --> OMX/lmex/m/n on input line 25.
LaTeX Font Info:    Overwriting symbol font `operators' in version `bold'
(Font)                  OT1/cmr/bx/n --> OT1/lmr/bx/n on input line 26.
LaTeX Font Info:    Overwriting symbol font `letters' in version `bold'
(Font)                  OML/cmm/b/it --> OML/lmm/b/it on input line 27.
LaTeX Font Info:    Overwriting symbol font `symbols' in version `bold'
(Font)                  OMS/cmsy/b/n --> OMS/lmsy/b/n on input line 28.
LaTeX Font Info:    Overwriting symbol font `largesymbols' in version `bold'
(Font)                  OMX/cmex/m/n --> OMX/lmex/m/n on input line 29.
LaTeX Font Info:    Overwriting math alphabet `\mathbf' in version `normal'
(Font)                  OT1/cmr/bx/n --> OT1/lmr/bx/n on input line 31.
LaTeX Font Info:    Overwriting math alphabet `\mathsf' in version `normal'
(Font)                  OT1/cmss/m/n --> OT1/lmss/m/n on input line 32.
LaTeX Font Info:    Overwriting math alphabet `\mathit' in version `normal'
(Font)                  OT1/cmr/m/it --> OT1/lmr/m/it on input line 33.
LaTeX Font Info:    Overwriting math alphabet `\mathtt' in version `normal'
(Font)                  OT1/cmtt/m/n --> OT1/lmtt/m/n on input line 34.
LaTeX Font Info:    Overwriting math alphabet `\mathbf' in version `bold'
(Font)                  OT1/cmr/bx/n --> OT1/lmr/bx/n on input line 35.
LaTeX Font Info:    Overwriting math alphabet `\mathsf' in version `bold'
(Font)                  OT1/cmss/bx/n --> OT1/lmss/bx/n on input line 36.
LaTeX Font Info:    Overwriting math alphabet `\mathit' in version `bold'
(Font)                  OT1/cmr/bx/it --> OT1/lmr/bx/it on input line 37.
LaTeX Font Info:    Overwriting math alphabet `\mathtt' in version `bold'
(Font)                  OT1/cmtt/m/n --> OT1/lmtt/m/n on input line 38.
) (/usr/local/texlive/2017/texmf-dist/tex/latex/base/textcomp.sty
Package: textcomp 2017/04/05 v2.0i Standard LaTeX package
Package textcomp Info: Sub-encoding information:
(textcomp)               5 = only ISO-Adobe without \textcurrency
(textcomp)               4 = 5 + \texteuro
(textcomp)               3 = 4 + \textohm
(textcomp)               2 = 3 + \textestimated + \textcurrency
(textcomp)               1 = TS1 - \textcircled - \t
(textcomp)               0 = TS1 (full)
(textcomp)             Font families with sub-encoding setting implement
(textcomp)             only a restricted character set as indicated.
(textcomp)             Family '?' is the default used for unknown fonts.
(textcomp)             See the documentation for details.
Package textcomp Info: Setting ? sub-encoding to TS1/1 on input line 79.
 (/usr/local/texlive/2017/texmf-dist/tex/latex/base/ts1enc.def
File: ts1enc.def 2001/06/05 v3.0e (jk/car/fm) Standard LaTeX file
)
LaTeX Info: Redefining \oldstylenums on input line 334.
Package textcomp Info: Setting cmr sub-encoding to TS1/0 on input line 349.
Package textcomp Info: Setting cmss sub-encoding to TS1/0 on input line 350.
Package textcomp Info: Setting cmtt sub-encoding to TS1/0 on input line 351.
Package textcomp Info: Setting cmvtt sub-encoding to TS1/0 on input line 352.
Package textcomp Info: Setting cmbr sub-encoding to TS1/0 on input line 353.
Package textcomp Info: Setting cmtl sub-encoding to TS1/0 on input line 354.
Package textcomp Info: Setting ccr sub-encoding to TS1/0 on input line 355.
Package textcomp Info: Setting ptm sub-encoding to TS1/4 on input line 356.
Package textcomp Info: Setting pcr sub-encoding to TS1/4 on input line 357.
Package textcomp Info: Setting phv sub-encoding to TS1/4 on input line 358.
Package textcomp Info: Setting ppl sub-encoding to TS1/3 on input line 359.
Package textcomp Info: Setting pag sub-encoding to TS1/4 on input line 360.
Package textcomp Info: Setting pbk sub-encoding to TS1/4 on input line 361.
Package textcomp Info: Setting pnc sub-encoding to TS1/4 on input line 362.
Package textcomp Info: Setting pzc sub-encoding to TS1/4 on input line 363.
Package textcomp Info: Setting bch sub-encoding to TS1/4 on input line 364.
Package textcomp Info: Setting put sub-encoding to TS1/5 on input line 365.
Package textcomp Info: Setting uag sub-encoding to TS1/5 on input line 366.
Package textcomp Info: Setting ugq sub-encoding to TS1/5 on input line 367.
Package textcomp Info: Setting ul8 sub-encoding to TS1/4 on input line 368.
Package textcomp Info: Setting ul9 sub-encoding to TS1/4 on input line 369.
Package textcomp Info: Setting augie sub-encoding to TS1/5 on input line 370.
Package textcomp Info: Setting dayrom sub-encoding to TS1/3 on input line 371.
Package textcomp Info: Setting dayroms sub-encoding to TS1/3 on input line 372.
Package textcomp Info: Setting pxr sub-encoding to TS1/0 on input line 373.
Package textcomp Info: Setting pxss sub-encoding to TS1/0 on input line 374.
Package textcomp Info: Setting pxtt sub-encoding to TS1/0 on input line 375.
Package textcomp Info: Setting txr sub-encoding to TS1/0 on input line 376.
Package textcomp Info: Setting txss sub-encoding to TS1/0 on input line 377.
Package textcomp Info: Setting txtt sub-encoding to TS1/0 on input line 378.
Package textcomp Info: Setting lmr sub-encoding to TS1/0 on input line 379.
Package textcomp Info: Setting lmdh sub-encoding to TS1/0 on input line 380.
Package textcomp Info: Setting lmss sub-encoding to TS1/0 on input line 381.
Package textcomp Info: Setting lmssq sub-encoding to TS1/0 on input line 382.
Package textcomp Info: Setting lmvtt sub-encoding to TS1/0 on input line 383.
Package textcomp Info: Setting lmtt sub-encoding to TS1/0 on input line 384.
Package textcomp Info: Setting qhv sub-encoding to TS1/0 on input line 385.
Package textcomp Info: Setting qag sub-encoding to TS1/0 on input line 386.
Package textcomp Info: Setting qbk sub-encoding to TS1/0 on input line 387.
Package textcomp Info: Setting qcr sub-encoding to TS1/0 on input line 388.
Package textcomp Info: Setting qcs sub-encoding to TS1/0 on input line 389.
Package textcomp Info: Setting qpl sub-encoding to TS1/0 on input line 390.
Package textcomp Info: Setting qtm sub-encoding to TS1/0 on input line 391.
Package textcomp Info: Setting qzc sub-encoding to TS1/0 on input line 392.
Package textcomp Info: Setting qhvc sub-encoding to TS1/0 on input line 393.
Package textcomp Info: Setting futs sub-encoding to TS1/4 on input line 394.
Package textcomp Info: Setting futx sub-encoding to TS1/4 on input line 395.
Package textcomp Info: Setting futj sub-encoding to TS1/4 on input line 396.
Package textcomp Info: Setting hlh sub-encoding to TS1/3 on input line 397.
Package textcomp Info: Setting hls sub-encoding to TS1/3 on input line 398.
Package textcomp Info: Setting hlst sub-encoding to TS1/3 on input line 399.
Package textcomp Info: Setting hlct sub-encoding to TS1/5 on input line 400.
Package textcomp Info: Setting hlx sub-encoding to TS1/5 on input line 401.
Package textcomp Info: Setting hlce sub-encoding to TS1/5 on input line 402.
Package textcomp Info: Setting hlcn sub-encoding to TS1/5 on input line 403.
Package textcomp Info: Setting hlcw sub-encoding to TS1/5 on input line 404.
Package textcomp Info: Setting hlcf sub-encoding to TS1/5 on input line 405.
Package textcomp Info: Setting pplx sub-encoding to TS1/3 on input line 406.
Package textcomp Info: Setting pplj sub-encoding to TS1/3 on input line 407.
Package textcomp Info: Setting ptmx sub-encoding to TS1/4 on input line 408.
Package textcomp Info: Setting ptmj sub-encoding to TS1/4 on input line 409.
) (/usr/local/texlive/2017/texmf-dist/tex/latex/base/latexsym.sty
Package: latexsym 1998/08/17 v2.2e Standard LaTeX package (lasy symbols)
\symlasy=\mathgroup5
LaTeX Font Info:    Overwriting symbol font `lasy' in version `bold'
(Font)                  U/lasy/m/n --> U/lasy/b/n on input line 52.
) (/usr/local/texlive/2017/texmf-dist/tex/latex/url/url.sty
\Urlmuskip=\muskip10
Package: url 2013/09/16  ver 3.4  Verb mode for urls, etc.
)
(/usr/local/texlive/2017/texmf-dist/tex/latex/cite/cite.sty
LaTeX Info: Redefining \cite on input line 302.
LaTeX Info: Redefining \nocite on input line 332.
Package: cite 2015/02/27  v 5.5
) (/usr/local/texlive/2017/texmf-dist/tex/latex/tools/bm.sty
Package: bm 2017/01/16 v1.2c Bold Symbol Support (DPC/FMi)
\symboldoperators=\mathgroup6
\symboldletters=\mathgroup7
\symboldsymbols=\mathgroup8
\symboldmincho=\mathgroup9
LaTeX Font Info:    Redeclaring math alphabet \mathbf on input line 141.
LaTeX Info: Redefining \bm on input line 207.
) (/usr/local/texlive/2017/texmf-dist/tex/latex/amsmath/amsmath.sty
Package: amsmath 2017/09/02 v2.17a AMS math features
\@mathmargin=\skip44

For additional information on amsmath, use the `?' option.
(/usr/local/texlive/2017/texmf-dist/tex/latex/amsmath/amstext.sty
Package: amstext 2000/06/29 v2.01 AMS text
 (/usr/local/texlive/2017/texmf-dist/tex/latex/amsmath/amsgen.sty
File: amsgen.sty 1999/11/30 v2.0 generic functions
\@emptytoks=\toks17
\ex@=\dimen131
)) (/usr/local/texlive/2017/texmf-dist/tex/latex/amsmath/amsbsy.sty
Package: amsbsy 1999/11/29 v1.2d Bold Symbols
LaTeX Info: Redefining \boldsymbol on input line 28.
\pmbraise@=\dimen132
) (/usr/local/texlive/2017/texmf-dist/tex/latex/amsmath/amsopn.sty
Package: amsopn 2016/03/08 v2.02 operator names
)
\inf@bad=\count105
LaTeX Info: Redefining \frac on input line 213.
\uproot@=\count106
\leftroot@=\count107
LaTeX Info: Redefining \overline on input line 375.
\classnum@=\count108
\DOTSCASE@=\count109
LaTeX Info: Redefining \ldots on input line 472.
LaTeX Info: Redefining \dots on input line 475.
LaTeX Info: Redefining \cdots on input line 596.
\Mathstrutbox@=\box47
\strutbox@=\box48
\big@size=\dimen133
LaTeX Font Info:    Redeclaring font encoding OML on input line 712.
LaTeX Font Info:    Redeclaring font encoding OMS on input line 713.
\macc@depth=\count110
\c@MaxMatrixCols=\count111
\dotsspace@=\muskip11
\c@parentequation=\count112
\dspbrk@lvl=\count113
\tag@help=\toks18
\row@=\count114
\column@=\count115
\maxfields@=\count116
\andhelp@=\toks19
\eqnshift@=\dimen134
\alignsep@=\dimen135
\tagshift@=\dimen136
\tagwidth@=\dimen137
\totwidth@=\dimen138
\lineht@=\dimen139
\@envbody=\toks20
\multlinegap=\skip45
\multlinetaggap=\skip46
\mathdisplay@stack=\toks21
LaTeX Info: Redefining \[ on input line 2817.
LaTeX Info: Redefining \] on input line 2818.
) (./paper.aux)
\openout1 = `paper.aux'.

LaTeX Font Info:    Checking defaults for OML/cmm/m/it on input line 47.
LaTeX Font Info:    ... okay on input line 47.
LaTeX Font Info:    Checking defaults for T1/cmr/m/n on input line 47.
LaTeX Font Info:    ... okay on input line 47.
LaTeX Font Info:    Checking defaults for OT1/cmr/m/n on input line 47.
LaTeX Font Info:    ... okay on input line 47.
LaTeX Font Info:    Checking defaults for OMS/cmsy/m/n on input line 47.
LaTeX Font Info:    ... okay on input line 47.
LaTeX Font Info:    Checking defaults for OMX/cmex/m/n on input line 47.
LaTeX Font Info:    ... okay on input line 47.
LaTeX Font Info:    Checking defaults for U/cmr/m/n on input line 47.
LaTeX Font Info:    ... okay on input line 47.
LaTeX Font Info:    Checking defaults for JY2/mc/m/n on input line 47.
LaTeX Font Info:    ... okay on input line 47.
LaTeX Font Info:    Checking defaults for JT2/mc/m/n on input line 47.
LaTeX Font Info:    ... okay on input line 47.
LaTeX Font Info:    Checking defaults for TS1/cmr/m/n on input line 47.
LaTeX Font Info:    Try loading font information for TS1+cmr on input line 47.
 (/usr/local/texlive/2017/texmf-dist/tex/latex/base/ts1cmr.fd
File: ts1cmr.fd 2014/09/29 v2.5h Standard LaTeX font definitions
)
LaTeX Font Info:    ... okay on input line 47.
 (I search kanjifont definition file: . . ) (I search font definition file: . . . . . . . . )
LaTeX Font Info:    Try loading font information for T1+lmr on input line 47.
 (/usr/local/texlive/2017/texmf-dist/tex/latex/lm/t1lmr.fd
File: t1lmr.fd 2009/10/30 v1.6 Font defs for Latin Modern
)
LaTeX Font Info:    Font shape `JT2/mc/m/n' will be
(Font)              scaled to size 9.6222pt on input line 48.
LaTeX Font Info:    Font shape `JT2/mc/bx/n' in size <10> not available
(Font)              Font shape `JT2/gt/m/n' tried instead on input line 48.
LaTeX Font Info:    Font shape `JT2/gt/m/n' will be
(Font)              scaled to size 9.6222pt on input line 48.
LaTeX Font Info:    Font shape `JY2/mc/bx/n' in size <10> not available
(Font)              Font shape `JY2/gt/m/n' tried instead on input line 48.
LaTeX Font Info:    Font shape `JT2/mc/m/n' will be
(Font)              scaled to size 6.73553pt on input line 54.
LaTeX Font Info:    Font shape `JT2/mc/m/n' will be
(Font)              scaled to size 15.39551pt on input line 54.
LaTeX Font Info:    Font shape `JT2/mc/m/n' will be
(Font)              scaled to size 11.54663pt on input line 54.
LaTeX Font Info:    Try loading font information for OT1+lmr on input line 54.
 (/usr/local/texlive/2017/texmf-dist/tex/latex/lm/ot1lmr.fd
File: ot1lmr.fd 2009/10/30 v1.6 Font defs for Latin Modern
)
LaTeX Font Info:    Try loading font information for OML+lmm on input line 54.
 (/usr/local/texlive/2017/texmf-dist/tex/latex/lm/omllmm.fd
File: omllmm.fd 2009/10/30 v1.6 Font defs for Latin Modern
)
LaTeX Font Info:    Try loading font information for OMS+lmsy on input line 54.
 (/usr/local/texlive/2017/texmf-dist/tex/latex/lm/omslmsy.fd
File: omslmsy.fd 2009/10/30 v1.6 Font defs for Latin Modern
)
LaTeX Font Info:    Try loading font information for OMX+lmex on input line 54.
 (/usr/local/texlive/2017/texmf-dist/tex/latex/lm/omxlmex.fd
File: omxlmex.fd 2009/10/30 v1.6 Font defs for Latin Modern
)
LaTeX Font Info:    External font `lmex10' loaded for size
(Font)              <12> on input line 54.
LaTeX Font Info:    External font `lmex10' loaded for size
(Font)              <8> on input line 54.
LaTeX Font Info:    External font `lmex10' loaded for size
(Font)              <6> on input line 54.
LaTeX Font Info:    Font shape `JT2/mc/m/n' will be
(Font)              scaled to size 10.1033pt on input line 54.
LaTeX Font Info:    Calculating math sizes for size <10.5> on input line 54.
LaTeX Font Info:    External font `lmex10' loaded for size
(Font)              <10.5> on input line 54.
LaTeX Font Info:    External font `lmex10' loaded for size
(Font)              <7.34996> on input line 54.
LaTeX Font Info:    External font `lmex10' loaded for size
(Font)              <5.25> on input line 54.
LaTeX Font Info:    Font shape `JT2/mc/m/n' will be
(Font)              scaled to size 10.53629pt on input line 59.
LaTeX Font Info:    Font shape `JT2/mc/bx/n' in size <10.95> not available
(Font)              Font shape `JT2/gt/m/n' tried instead on input line 59.
LaTeX Font Info:    Font shape `JT2/gt/m/n' will be
(Font)              scaled to size 10.53629pt on input line 59.
LaTeX Font Info:    Font shape `JY2/mc/bx/n' in size <10.95> not available
(Font)              Font shape `JY2/gt/m/n' tried instead on input line 59.
LaTeX Font Info:    External font `lmex10' loaded for size
(Font)              <9> on input line 59.
LaTeX Font Info:    External font `lmex10' loaded for size
(Font)              <5> on input line 59.
 [1


]
LaTeX Font Info:    Font shape `JT2/mc/bx/n' in size <9> not available
(Font)              Font shape `JT2/gt/m/n' tried instead on input line 112.
LaTeX Font Info:    Font shape `JT2/gt/m/n' will be
(Font)              scaled to size 8.65997pt on input line 112.
LaTeX Font Info:    Font shape `JY2/mc/bx/n' in size <9> not available
(Font)              Font shape `JY2/gt/m/n' tried instead on input line 112.
LaTeX Font Info:    Try loading font information for TS1+lmr on input line 115.
 (/usr/local/texlive/2017/texmf-dist/tex/latex/lm/ts1lmr.fd
File: ts1lmr.fd 2009/10/30 v1.6 Font defs for Latin Modern
)
LaTeX Font Info:    Font shape `JT2/mc/m/n' will be
(Font)              scaled to size 7.69775pt on input line 121.
File: networkmodel.pdf Graphic file (type pdf)
<networkmodel.pdf>
File: Idle_Connect_Signaling.pdf Graphic file (type pdf)
<Idle_Connect_Signaling.pdf>
File: state_change_inactive.pdf Graphic file (type pdf)
<state_change_inactive.pdf>
 [2]
File: state_change_propose.pdf Graphic file (type pdf)
<state_change_propose.pdf>
 [3]
LaTeX Font Info:    Font shape `JT2/mc/m/n' will be
(Font)              scaled to size 5.77332pt on input line 238.
LaTeX Font Info:    Font shape `JT2/mc/m/n' will be
(Font)              scaled to size 4.8111pt on input line 238.

Overfull \hbox (11.55606pt too wide) detected at line 243
\OML/lmm/m/it/9 c[]\OT1/lmr/m/n/9 (\OML/lmm/m/it/9 T[]\OT1/lmr/m/n/9 ) = []
 []


Package amsmath Warning: Cannot use `split' here;
(amsmath)                trying to recover with `aligned' on input line 308.

[4]
File: theory_1_all_30s_theory.pdf Graphic file (type pdf)
<theory_1_all_30s_theory.pdf>
File: theory_2_all_300s_theory.pdf Graphic file (type pdf)
<theory_2_all_300s_theory.pdf>
 [5]
File: 10_11_12_signaling_vs_memoryload_all_300s_theory.pdf Graphic file (type pdf)
<10_11_12_signaling_vs_memoryload_all_300s_theory.pdf>
 [6] (./paper.bbl
LaTeX Font Info:    Font shape `JT2/gt/m/n' will be
(Font)              scaled to size 7.69775pt on input line 26.
LaTeX Font Info:    Font shape `JT2/gt/m/it' in size <8> not available
(Font)              Font shape `JT2/gt/m/n' tried instead on input line 26.
LaTeX Font Info:    Font shape `JT2/gt/m/n' will be
(Font)              scaled to size 7.69775pt on input line 26.
LaTeX Font Info:    Font shape `JY2/gt/m/it' in size <8> not available
(Font)              Font shape `JY2/gt/m/n' tried instead on input line 26.

./paper.bbl:72: Misplaced alignment tab character &.
l.72 ...ggregated Server Rack},'' {Moor Insights &
                                                   Strategy},
I can't figure out why you would want to use a tab mark
here. If you just want an ampersand, the remedy is
simple: Just type `I\&' now. But if some right brace
up above has ended a previous alignment prematurely,
you're probably due for more error messages, and you
might try typing `S' now just to see what is salvageable.


Overfull \hbox (3.93867pt too wide) in paragraph at lines 107--112
\T1/lmr/m/n/8 Speci^^\cations / Speci^^\cationDetails . aspx ? speci^^\cationId = 2894$ 
 []


Overfull \hbox (3.93867pt too wide) in paragraph at lines 127--132
\T1/lmr/m/n/8 Speci^^\cations / Speci^^\cationDetails . aspx ? speci^^\cationId = 2719$ 
 []

) [7] (./paper.aux) ) 
Here is how much of TeX's memory you used:
 3294 strings out of 493644
 43415 string characters out of 6149000
 124972 words of memory out of 5000000
 6810 multiletter control sequences out of 15000+600000
 114440 words of font info for 139 fonts, out of 8000000 for 9000
 929 hyphenation exceptions out of 8191
 27i,24n,35p,1570b,321s stack positions out of 5000i,500n,10000p,200000b,80000s

Output written on paper.dvi (7 pages, 63968 bytes).
